Build started 07/11/2014 11:03:58 AM.
     1>Project "C:\Users\Jason\documents\visual studio 2010\Projects\ProcedurallyGeneratedDungeon\ProcedurallyGeneratedDungeon\ProcedurallyGeneratedDungeon.vcxproj" on node 2 (build target(s)).
     1>InitializeBuildStatus:
         Creating "Debug\ProcedurallyGeneratedDungeon.unsuccessfulbuild" because "AlwaysCreate" was specified.
       ClCompile:
         C:\Program Files (x86)\Microsoft Visual Studio 10.0\VC\bin\CL.exe /c /ZI /nologo /W3 /WX- /Od /Oy- /D _MBCS /Gm /EHsc /RTC1 /MDd /GS /fp:precise /Zc:wchar_t /Zc:forScope /Fo"Debug\\" /Fd"Debug\vc100.pdb" /Gd /TP /analyze- /errorReport:prompt src\main.cpp
         Skipping... (no relevant changes detected)
         main.cpp
       Link:
         C:\Program Files (x86)\Microsoft Visual Studio 10.0\VC\bin\link.exe /ERRORREPORT:PROMPT /OUT:"C:\Users\Jason\documents\visual studio 2010\Projects\ProcedurallyGeneratedDungeon\Debug\ProcedurallyGeneratedDungeon.exe" /NOLOGO SDL2.lib SDL2main.lib SDL2_image.lib kernel32.lib user32.lib gdi32.lib winspool.lib comdlg32.lib advapi32.lib shell32.lib ole32.lib oleaut32.lib uuid.lib odbc32.lib odbccp32.lib /MANIFEST /ManifestFile:"Debug\ProcedurallyGeneratedDungeon.exe.intermediate.manifest" /MANIFESTUAC:"level='asInvoker' uiAccess='false'" /DEBUG /PDB:"C:\Users\Jason\documents\visual studio 2010\Projects\ProcedurallyGeneratedDungeon\Debug\ProcedurallyGeneratedDungeon.pdb" /SUBSYSTEM:CONSOLE /STACK:"50485760" /TLBID:1 /DYNAMICBASE /NXCOMPAT /IMPLIB:"C:\Users\Jason\documents\visual studio 2010\Projects\ProcedurallyGeneratedDungeon\Debug\ProcedurallyGeneratedDungeon.lib" /MACHINE:X86 Debug\simplexnoise.obj
         Debug\main.obj
         LINK : C:\Users\Jason\documents\visual studio 2010\Projects\ProcedurallyGeneratedDungeon\Debug\ProcedurallyGeneratedDungeon.exe not found or not built by the last incremental link; performing full link
     1>MSVCRTD.lib(cinitexe.obj) : warning LNK4098: defaultlib 'msvcrt.lib' conflicts with use of other libs; use /NODEFAULTLIB:library
         ProcedurallyGeneratedDungeon.vcxproj -> C:\Users\Jason\documents\visual studio 2010\Projects\ProcedurallyGeneratedDungeon\Debug\ProcedurallyGeneratedDungeon.exe
       Manifest:
         c:\Program Files (x86)\Microsoft SDKs\Windows\v7.0A\bin\mt.exe /nologo /verbose /outputresource:"C:\Users\Jason\documents\visual studio 2010\Projects\ProcedurallyGeneratedDungeon\Debug\ProcedurallyGeneratedDungeon.exe;#1" /manifest Debug\ProcedurallyGeneratedDungeon.exe.intermediate.manifest
       FinalizeBuildStatus:
         Deleting file "Debug\ProcedurallyGeneratedDungeon.unsuccessfulbuild".
         Touching "Debug\ProcedurallyGeneratedDungeon.lastbuildstate".
     1>Done Building Project "C:\Users\Jason\documents\visual studio 2010\Projects\ProcedurallyGeneratedDungeon\ProcedurallyGeneratedDungeon\ProcedurallyGeneratedDungeon.vcxproj" (build target(s)).

Build succeeded.

Time Elapsed 00:00:00.78
